Start testing: Feb 11 17:27 CET
----------------------------------------------------------
1/36 Testing: test_alloc
1/36 Test: test_alloc
Command: "/home/asn/workspace/projects/cmocka/obj32/tests/test_alloc"
Directory: /home/asn/workspace/projects/cmocka/obj32/tests
"test_alloc" start time: Feb 11 17:27 CET
Output:
----------------------------------------------------------
[==========] Running 2 test(s).
[ RUN      ] torture_test_malloc
[       OK ] torture_test_malloc
[ RUN      ] torture_test_realloc
[       OK ] torture_test_realloc
[==========] 2 test(s) run.
[  PASSED  ] 2 test(s).
<end of output>
Test time =   0.00 sec
----------------------------------------------------------
Test Passed.
"test_alloc" end time: Feb 11 17:27 CET
"test_alloc" time elapsed: 00:00:00
----------------------------------------------------------

2/36 Testing: test_group_setup_fail
2/36 Test: test_group_setup_fail
Command: "/home/asn/workspace/projects/cmocka/obj32/tests/test_group_setup_fail"
Directory: /home/asn/workspace/projects/cmocka/obj32/tests
"test_group_setup_fail" start time: Feb 11 17:27 CET
Output:
----------------------------------------------------------
[==========] Running 2 test(s).
[==========] 0 test(s) run.
Group setup failed
[  ERROR   ] tests
[  PASSED  ] 0 test(s).
<end of output>
Test time =   0.00 sec
----------------------------------------------------------
Test Passed.
"test_group_setup_fail" end time: Feb 11 17:27 CET
"test_group_setup_fail" time elapsed: 00:00:00
----------------------------------------------------------

3/36 Testing: test_fixtures
3/36 Test: test_fixtures
Command: "/home/asn/workspace/projects/cmocka/obj32/tests/test_fixtures"
Directory: /home/asn/workspace/projects/cmocka/obj32/tests
"test_fixtures" start time: Feb 11 17:27 CET
Output:
----------------------------------------------------------
[==========] Running 6 test(s).
[ RUN      ] malloc_setup_test
[       OK ] malloc_setup_test
[ RUN      ] malloc_setup_test
[       OK ] malloc_setup_test
[ RUN      ] malloc_teardown_test
[       OK ] malloc_teardown_test
[ RUN      ] malloc_teardown_test
[       OK ] malloc_teardown_test
[ RUN      ] malloc_teardown_test
[       OK ] malloc_teardown_test
[ RUN      ] malloc_teardown_test
[       OK ] malloc_teardown_test
[==========] 6 test(s) run.
[  PASSED  ] 6 test(s).
<end of output>
Test time =   0.00 sec
----------------------------------------------------------
Test Passed.
"test_fixtures" end time: Feb 11 17:27 CET
"test_fixtures" time elapsed: 00:00:00
----------------------------------------------------------

4/36 Testing: test_group_fixtures
4/36 Test: test_group_fixtures
Command: "/home/asn/workspace/projects/cmocka/obj32/tests/test_group_fixtures"
Directory: /home/asn/workspace/projects/cmocka/obj32/tests
"test_group_fixtures" start time: Feb 11 17:27 CET
Output:
----------------------------------------------------------
[==========] Running 2 test(s).
[ RUN      ] test_value_equal
[       OK ] test_value_equal
[ RUN      ] test_value_range
[       OK ] test_value_range
[==========] 2 test(s) run.
[  PASSED  ] 2 test(s).
<end of output>
Test time =   0.00 sec
----------------------------------------------------------
Test Passed.
"test_group_fixtures" end time: Feb 11 17:27 CET
"test_group_fixtures" time elapsed: 00:00:00
----------------------------------------------------------

5/36 Testing: test_assert_macros
5/36 Test: test_assert_macros
Command: "/home/asn/workspace/projects/cmocka/obj32/tests/test_assert_macros"
Directory: /home/asn/workspace/projects/cmocka/obj32/tests
"test_assert_macros" start time: Feb 11 17:27 CET
Output:
----------------------------------------------------------
[==========] Running 1 test(s).
[ RUN      ] test_assert_return_code
[       OK ] test_assert_return_code
[==========] 1 test(s) run.
[  PASSED  ] 1 test(s).
<end of output>
Test time =   0.00 sec
----------------------------------------------------------
Test Passed.
"test_assert_macros" end time: Feb 11 17:27 CET
"test_assert_macros" time elapsed: 00:00:00
----------------------------------------------------------

6/36 Testing: test_assert_macros_fail
6/36 Test: test_assert_macros_fail
Command: "/home/asn/workspace/projects/cmocka/obj32/tests/test_assert_macros_fail"
Directory: /home/asn/workspace/projects/cmocka/obj32/tests
"test_assert_macros_fail" start time: Feb 11 17:27 CET
Output:
----------------------------------------------------------
[==========] Running 1 test(s).
[ RUN      ] test_assert_return_code_fail
[  FAILED  ] test_assert_return_code_fail
fd < 0, errno(2): No such file or directory
/home/asn/workspace/projects/cmocka/tests/test_assert_macros_fail.c:22: error: Failure!

[  PASSED  ] 0 test(s).
[  FAILED  ] 1 test(s), listed below:
[==========] 1 test(s) run.
[  FAILED  ] test_assert_return_code_fail

 1 FAILED TEST(S)
<end of output>
Test time =   0.00 sec
----------------------------------------------------------
Test Pass Reason:
Required regular expression found.Regex=[\[  FAILED  \] 1 test
]
"test_assert_macros_fail" end time: Feb 11 17:27 CET
"test_assert_macros_fail" time elapsed: 00:00:00
----------------------------------------------------------

7/36 Testing: test_exception_handler
7/36 Test: test_exception_handler
Command: "/home/asn/workspace/projects/cmocka/obj32/tests/test_exception_handler"
Directory: /home/asn/workspace/projects/cmocka/obj32/tests
"test_exception_handler" start time: Feb 11 17:27 CET
Output:
----------------------------------------------------------
[==========] Running 1 test(s).
[ RUN      ] test_segfault_recovery
[  FAILED  ] test_segfault_recovery
[==========] 1 test(s) run.
Test failed with exception: Segmentation fault

[  PASSED  ] 0 test(s).
[  FAILED  ] 1 test(s), listed below:
[  FAILED  ] test_segfault_recovery

 1 FAILED TEST(S)
<end of output>
Test time =   0.00 sec
----------------------------------------------------------
Test Pass Reason:
Required regular expression found.Regex=[Test failed with exception: (Segmentation fault|Segmentation Fault|11)
]
"test_exception_handler" end time: Feb 11 17:27 CET
"test_exception_handler" time elapsed: 00:00:00
----------------------------------------------------------

8/36 Testing: test_basics
8/36 Test: test_basics
Command: "/home/asn/workspace/projects/cmocka/obj32/tests/test_basics"
Directory: /home/asn/workspace/projects/cmocka/obj32/tests
"test_basics" start time: Feb 11 17:27 CET
Output:
----------------------------------------------------------
[==========] Running 2 test(s).
[ RUN      ] null_test_success
[       OK ] null_test_success
[ RUN      ] int_test_success
[       OK ] int_test_success
[==========] 2 test(s) run.
[  PASSED  ] 2 test(s).
<end of output>
Test time =   0.00 sec
----------------------------------------------------------
Test Passed.
"test_basics" end time: Feb 11 17:27 CET
"test_basics" time elapsed: 00:00:00
----------------------------------------------------------

9/36 Testing: test_skip
9/36 Test: test_skip
Command: "/home/asn/workspace/projects/cmocka/obj32/tests/test_skip"
Directory: /home/asn/workspace/projects/cmocka/obj32/tests
"test_skip" start time: Feb 11 17:27 CET
Output:
----------------------------------------------------------
[==========] Running 1 test(s).
[ RUN      ] test_check_skip
[  SKIPPED ] test_check_skip
[==========] 1 test(s) run.
[  PASSED  ] 0 test(s).
<end of output>
Test time =   0.00 sec
----------------------------------------------------------
Test Pass Reason:
Required regular expression found.Regex=[\[  SKIPPED \] test_check_skip
]
"test_skip" end time: Feb 11 17:27 CET
"test_skip" time elapsed: 00:00:00
----------------------------------------------------------

10/36 Testing: test_setup_fail
10/36 Test: test_setup_fail
Command: "/home/asn/workspace/projects/cmocka/obj32/tests/test_setup_fail"
Directory: /home/asn/workspace/projects/cmocka/obj32/tests
"test_setup_fail" start time: Feb 11 17:27 CET
Output:
----------------------------------------------------------
[==========] Running 2 test(s).
[ RUN      ] int_test_ignored
Could not run the test - check test fixtures
[  ERROR   ] int_test_ignored
[ RUN      ] int_test_success
[       OK ] int_test_success
[==========] 2 test(s) run.
[  PASSED  ] 1 test(s).
<end of output>
Test time =   0.00 sec
----------------------------------------------------------
Test Passed.
"test_setup_fail" end time: Feb 11 17:27 CET
"test_setup_fail" time elapsed: 00:00:00
----------------------------------------------------------

11/36 Testing: test_cmockery
11/36 Test: test_cmockery
Command: "/home/asn/workspace/projects/cmocka/obj32/tests/test_cmockery"
Directory: /home/asn/workspace/projects/cmocka/obj32/tests
"test_cmockery" start time: Feb 11 17:27 CET
Output:
----------------------------------------------------------
[==========] Running 1 test(s).
[ RUN      ] null_test_success
[       OK ] null_test_success
[==========] 1 test(s) run.
[  PASSED  ] 1 test(s).

 0 FAILED TEST(S)
<end of output>
Test time =   0.00 sec
----------------------------------------------------------
Test Passed.
"test_cmockery" end time: Feb 11 17:27 CET
"test_cmockery" time elapsed: 00:00:00
----------------------------------------------------------

12/36 Testing: test_setup_fail_1_failed
12/36 Test: test_setup_fail_1_failed
Command: "/home/asn/workspace/projects/cmocka/obj32/tests/test_setup_fail"
Directory: /home/asn/workspace/projects/cmocka/obj32/tests
"test_setup_fail_1_failed" start time: Feb 11 17:27 CET
Output:
----------------------------------------------------------
[==========] Running 2 test(s).
[ RUN      ] int_test_ignored
Could not run the test - check test fixtures
[  ERROR   ] int_test_ignored
[ RUN      ] int_test_success
[       OK ] int_test_success
[==========] 2 test(s) run.
[  PASSED  ] 1 test(s).
<end of output>
Test time =   0.00 sec
----------------------------------------------------------
Test Pass Reason:
Required regular expression found.Regex=[\[  ERROR   \] int_test_ignored
]
"test_setup_fail_1_failed" end time: Feb 11 17:27 CET
"test_setup_fail_1_failed" time elapsed: 00:00:00
----------------------------------------------------------

13/36 Testing: test_setup_fail_1_passed
13/36 Test: test_setup_fail_1_passed
Command: "/home/asn/workspace/projects/cmocka/obj32/tests/test_setup_fail"
Directory: /home/asn/workspace/projects/cmocka/obj32/tests
"test_setup_fail_1_passed" start time: Feb 11 17:27 CET
Output:
----------------------------------------------------------
[==========] Running 2 test(s).
[ RUN      ] int_test_ignored
Could not run the test - check test fixtures
[  ERROR   ] int_test_ignored
[ RUN      ] int_test_success
[       OK ] int_test_success
[==========] 2 test(s) run.
[  PASSED  ] 1 test(s).
<end of output>
Test time =   0.00 sec
----------------------------------------------------------
Test Pass Reason:
Required regular expression found.Regex=[\[  PASSED  \] 1 test\(s\).
]
"test_setup_fail_1_passed" end time: Feb 11 17:27 CET
"test_setup_fail_1_passed" time elapsed: 00:00:00
----------------------------------------------------------

14/36 Testing: test_setup_fail_match_failed
14/36 Test: test_setup_fail_match_failed
Command: "/home/asn/workspace/projects/cmocka/obj32/tests/test_setup_fail"
Directory: /home/asn/workspace/projects/cmocka/obj32/tests
"test_setup_fail_match_failed" start time: Feb 11 17:27 CET
Output:
----------------------------------------------------------
[==========] Running 2 test(s).
[ RUN      ] int_test_ignored
Could not run the test - check test fixtures
[  ERROR   ] int_test_ignored
[ RUN      ] int_test_success
[       OK ] int_test_success
[==========] 2 test(s) run.
[  PASSED  ] 1 test(s).
<end of output>
Test time =   0.00 sec
----------------------------------------------------------
Test Pass Reason:
Required regular expression found.Regex=[\[  ERROR   \] int_test_ignored
]
"test_setup_fail_match_failed" end time: Feb 11 17:27 CET
"test_setup_fail_match_failed" time elapsed: 00:00:00
----------------------------------------------------------

15/36 Testing: test_setup_fail_match_passed
15/36 Test: test_setup_fail_match_passed
Command: "/home/asn/workspace/projects/cmocka/obj32/tests/test_setup_fail"
Directory: /home/asn/workspace/projects/cmocka/obj32/tests
"test_setup_fail_match_passed" start time: Feb 11 17:27 CET
Output:
----------------------------------------------------------
[==========] Running 2 test(s).
[ RUN      ] int_test_ignored
Could not run the test - check test fixtures
[  ERROR   ] int_test_ignored
[ RUN      ] int_test_success
[       OK ] int_test_success
[==========] 2 test(s) run.
[  PASSED  ] 1 test(s).
<end of output>
Test time =   0.00 sec
----------------------------------------------------------
Test Pass Reason:
Required regular expression found.Regex=[\[       OK \] int_test_success
]
"test_setup_fail_match_passed" end time: Feb 11 17:27 CET
"test_setup_fail_match_passed" time elapsed: 00:00:00
----------------------------------------------------------

16/36 Testing: test_basics_tap
16/36 Test: test_basics_tap
Command: "/home/asn/workspace/projects/cmocka/obj32/tests/test_basics"
Directory: /home/asn/workspace/projects/cmocka/obj32/tests
"test_basics_tap" start time: Feb 11 17:27 CET
Output:
----------------------------------------------------------
1..2
ok 1 - null_test_success
ok 2 - int_test_success
<end of output>
Test time =   0.00 sec
----------------------------------------------------------
Test Pass Reason:
Required regular expression found.Regex=[^1\.\.2[ 
]+ok 1 - null_test_success
]
"test_basics_tap" end time: Feb 11 17:27 CET
"test_basics_tap" time elapsed: 00:00:00
----------------------------------------------------------

17/36 Testing: test_assert_macros_fail_tap
17/36 Test: test_assert_macros_fail_tap
Command: "/home/asn/workspace/projects/cmocka/obj32/tests/test_assert_macros_fail"
Directory: /home/asn/workspace/projects/cmocka/obj32/tests
"test_assert_macros_fail_tap" start time: Feb 11 17:27 CET
Output:
----------------------------------------------------------
1..1
not ok 1 - test_assert_return_code_fail
# fd < 0, errno(2): No such file or directory
# /home/asn/workspace/projects/cmocka/tests/test_assert_macros_fail.c:22: error: Failure!
<end of output>
Test time =   0.00 sec
----------------------------------------------------------
Test Pass Reason:
Required regular expression found.Regex=[^1\.\.1[ 
]+not ok 1 - test_assert_return_code_fail
]
"test_assert_macros_fail_tap" end time: Feb 11 17:27 CET
"test_assert_macros_fail_tap" time elapsed: 00:00:00
----------------------------------------------------------

18/36 Testing: test_skip_tap
18/36 Test: test_skip_tap
Command: "/home/asn/workspace/projects/cmocka/obj32/tests/test_skip"
Directory: /home/asn/workspace/projects/cmocka/obj32/tests
"test_skip_tap" start time: Feb 11 17:27 CET
Output:
----------------------------------------------------------
1..1
not ok 1 # SKIP test_check_skip
<end of output>
Test time =   0.00 sec
----------------------------------------------------------
Test Pass Reason:
Required regular expression found.Regex=[not ok 1 # SKIP
]
"test_skip_tap" end time: Feb 11 17:27 CET
"test_skip_tap" time elapsed: 00:00:00
----------------------------------------------------------

19/36 Testing: test_setup_fail_tap
19/36 Test: test_setup_fail_tap
Command: "/home/asn/workspace/projects/cmocka/obj32/tests/test_setup_fail"
Directory: /home/asn/workspace/projects/cmocka/obj32/tests
"test_setup_fail_tap" start time: Feb 11 17:27 CET
Output:
----------------------------------------------------------
1..2
not ok 1 - int_test_ignored Could not run the test - check test fixtures
ok 2 - int_test_success
<end of output>
Test time =   0.00 sec
----------------------------------------------------------
Test Pass Reason:
Required regular expression found.Regex=[not ok 1 - int_test_ignored Could not run the test - check test fixtures
]
"test_setup_fail_tap" end time: Feb 11 17:27 CET
"test_setup_fail_tap" time elapsed: 00:00:00
----------------------------------------------------------

20/36 Testing: test_basics_subunit
20/36 Test: test_basics_subunit
Command: "/home/asn/workspace/projects/cmocka/obj32/tests/test_basics"
Directory: /home/asn/workspace/projects/cmocka/obj32/tests
"test_basics_subunit" start time: Feb 11 17:27 CET
Output:
----------------------------------------------------------
test: null_test_success
success: null_test_success
test: int_test_success
success: int_test_success
<end of output>
Test time =   0.00 sec
----------------------------------------------------------
Test Pass Reason:
Required regular expression found.Regex=[^test: null_test_success[ 
]+success: null_test_success
]
"test_basics_subunit" end time: Feb 11 17:27 CET
"test_basics_subunit" time elapsed: 00:00:00
----------------------------------------------------------

21/36 Testing: test_assert_macros_fail_subunit
21/36 Test: test_assert_macros_fail_subunit
Command: "/home/asn/workspace/projects/cmocka/obj32/tests/test_assert_macros_fail"
Directory: /home/asn/workspace/projects/cmocka/obj32/tests
"test_assert_macros_fail_subunit" start time: Feb 11 17:27 CET
Output:
----------------------------------------------------------
test: test_assert_return_code_fail
failure: test_assert_return_code_fail [
fd < 0, errno(2): No such file or directory
/home/asn/workspace/projects/cmocka/tests/test_assert_macros_fail.c:22: error: Failure!
]
<end of output>
Test time =   0.00 sec
----------------------------------------------------------
Test Pass Reason:
Required regular expression found.Regex=[failure: test_assert_return_code_fail \[
]
"test_assert_macros_fail_subunit" end time: Feb 11 17:27 CET
"test_assert_macros_fail_subunit" time elapsed: 00:00:00
----------------------------------------------------------

22/36 Testing: test_skip_subunit
22/36 Test: test_skip_subunit
Command: "/home/asn/workspace/projects/cmocka/obj32/tests/test_skip"
Directory: /home/asn/workspace/projects/cmocka/obj32/tests
"test_skip_subunit" start time: Feb 11 17:27 CET
Output:
----------------------------------------------------------
test: test_check_skip
skip: test_check_skip
<end of output>
Test time =   0.00 sec
----------------------------------------------------------
Test Pass Reason:
Required regular expression found.Regex=[^test: test_check_skip[ 
]+skip: test_check_skip
]
"test_skip_subunit" end time: Feb 11 17:27 CET
"test_skip_subunit" time elapsed: 00:00:00
----------------------------------------------------------

23/36 Testing: test_setup_fail_subunit
23/36 Test: test_setup_fail_subunit
Command: "/home/asn/workspace/projects/cmocka/obj32/tests/test_setup_fail"
Directory: /home/asn/workspace/projects/cmocka/obj32/tests
"test_setup_fail_subunit" start time: Feb 11 17:27 CET
Output:
----------------------------------------------------------
test: int_test_ignored
error: int_test_ignored [ Could not run the test - check test fixtures ]
test: int_test_success
success: int_test_success
<end of output>
Test time =   0.00 sec
----------------------------------------------------------
Test Pass Reason:
Required regular expression found.Regex=[error: int_test_ignored \[ Could not run the test - check test fixtures \]
]
"test_setup_fail_subunit" end time: Feb 11 17:27 CET
"test_setup_fail_subunit" time elapsed: 00:00:00
----------------------------------------------------------

24/36 Testing: test_basics_xml
24/36 Test: test_basics_xml
Command: "/home/asn/workspace/projects/cmocka/obj32/tests/test_basics"
Directory: /home/asn/workspace/projects/cmocka/obj32/tests
"test_basics_xml" start time: Feb 11 17:27 CET
Output:
----------------------------------------------------------
<?xml version="1.0" encoding="UTF-8" ?>
<testsuites>
  <testsuite name="tests" time="0.009" tests="2" failures="0" errors="0" skipped="0" >
    <testcase name="null_test_success" time="0.006" >
    </testcase>
    <testcase name="int_test_success" time="0.004" >
    </testcase>
  </testsuite>
</testsuites>
<end of output>
Test time =   0.00 sec
----------------------------------------------------------
Test Pass Reason:
Required regular expression found.Regex=[<testsuite name="tests" time="[0-9.]+" tests="2" failures="0" errors="0" skipped="0" >[ 
]+<testcase name="null_test_success" time="[0-9.]+" >.*</testcase>
]
"test_basics_xml" end time: Feb 11 17:27 CET
"test_basics_xml" time elapsed: 00:00:00
----------------------------------------------------------

25/36 Testing: test_assert_macros_fail_xml
25/36 Test: test_assert_macros_fail_xml
Command: "/home/asn/workspace/projects/cmocka/obj32/tests/test_assert_macros_fail"
Directory: /home/asn/workspace/projects/cmocka/obj32/tests
"test_assert_macros_fail_xml" start time: Feb 11 17:27 CET
Output:
----------------------------------------------------------
<?xml version="1.0" encoding="UTF-8" ?>
<testsuites>
  <testsuite name="tests" time="0.018" tests="1" failures="1" errors="0" skipped="0" >
    <testcase name="test_assert_return_code_fail" time="0.018" >
      <failure><![CDATA[fd < 0, errno(2): No such file or directory
/home/asn/workspace/projects/cmocka/tests/test_assert_macros_fail.c:22: error: Failure!
]]></failure>
    </testcase>
  </testsuite>
</testsuites>
<end of output>
Test time =   0.00 sec
----------------------------------------------------------
Test Pass Reason:
Required regular expression found.Regex=[<testcase name="test_assert_return_code_fail" time="[0-9.]+" >[ 
]+<failure>
]
"test_assert_macros_fail_xml" end time: Feb 11 17:27 CET
"test_assert_macros_fail_xml" time elapsed: 00:00:00
----------------------------------------------------------

26/36 Testing: test_skip_xml
26/36 Test: test_skip_xml
Command: "/home/asn/workspace/projects/cmocka/obj32/tests/test_skip"
Directory: /home/asn/workspace/projects/cmocka/obj32/tests
"test_skip_xml" start time: Feb 11 17:27 CET
Output:
----------------------------------------------------------
<?xml version="1.0" encoding="UTF-8" ?>
<testsuites>
  <testsuite name="tests" time="0.010" tests="1" failures="0" errors="0" skipped="1" >
    <testcase name="test_check_skip" time="0.010" >
      <skipped/>
    </testcase>
  </testsuite>
</testsuites>
<end of output>
Test time =   0.00 sec
----------------------------------------------------------
Test Pass Reason:
Required regular expression found.Regex=[<testcase name="test_check_skip" time="[0-9.]+" >[ 
]+<skipped/>
]
"test_skip_xml" end time: Feb 11 17:27 CET
"test_skip_xml" time elapsed: 00:00:00
----------------------------------------------------------

27/36 Testing: test_setup_fail_xml
27/36 Test: test_setup_fail_xml
Command: "/home/asn/workspace/projects/cmocka/obj32/tests/test_setup_fail"
Directory: /home/asn/workspace/projects/cmocka/obj32/tests
"test_setup_fail_xml" start time: Feb 11 17:27 CET
Output:
----------------------------------------------------------
<?xml version="1.0" encoding="UTF-8" ?>
<testsuites>
  <testsuite name="tests" time="0.003" tests="2" failures="0" errors="1" skipped="0" >
    <testcase name="int_test_ignored" time="0.000" >
      <failure><![CDATA[Test setup failed]]></failure>
    </testcase>
    <testcase name="int_test_success" time="0.003" >
    </testcase>
  </testsuite>
</testsuites>
<end of output>
Test time =   0.00 sec
----------------------------------------------------------
Test Pass Reason:
Required regular expression found.Regex=[<testcase name="int_test_ignored" time="[0-9.]+" >[ 
]+<failure><!\[CDATA\[Test setup failed\]\]></failure>
]
"test_setup_fail_xml" end time: Feb 11 17:27 CET
"test_setup_fail_xml" time elapsed: 00:00:00
----------------------------------------------------------

28/36 Testing: simple_test
28/36 Test: simple_test
Command: "/home/asn/workspace/projects/cmocka/obj32/example/simple_test"
Directory: /home/asn/workspace/projects/cmocka/obj32/example
"simple_test" start time: Feb 11 17:27 CET
Output:
----------------------------------------------------------
[==========] Running 1 test(s).
[ RUN      ] null_test_success
[       OK ] null_test_success
[==========] 1 test(s) run.
[  PASSED  ] 1 test(s).
<end of output>
Test time =   0.00 sec
----------------------------------------------------------
Test Passed.
"simple_test" end time: Feb 11 17:27 CET
"simple_test" time elapsed: 00:00:00
----------------------------------------------------------

29/36 Testing: calculator_test
29/36 Test: calculator_test
Command: "/home/asn/workspace/projects/cmocka/obj32/example/calculator_test"
Directory: /home/asn/workspace/projects/cmocka/obj32/example
"calculator_test" start time: Feb 11 17:27 CET
Output:
----------------------------------------------------------
[==========] Running 22 test(s).
[ RUN      ] test_add
[       OK ] test_add
[ RUN      ] test_subtract
[       OK ] test_subtract
[ RUN      ] test_multiply
[       OK ] test_multiply
[ RUN      ] test_divide
[       OK ] test_divide
[ RUN      ] test_divide_by_zero
Expected assertion b occurred
[       OK ] test_divide_by_zero
[ RUN      ] test_find_operator_function_by_string_null_functions
Expected assertion !number_of_operator_functions || operator_functions occurred
[       OK ] test_find_operator_function_by_string_null_functions
[ RUN      ] test_find_operator_function_by_string_null_string
Expected assertion operator_string != NULL occurred
[       OK ] test_find_operator_function_by_string_null_string
[ RUN      ] test_find_operator_function_by_string_valid_null_functions
[       OK ] test_find_operator_function_by_string_valid_null_functions
[ RUN      ] test_find_operator_function_by_string_not_found
[       OK ] test_find_operator_function_by_string_not_found
[ RUN      ] test_find_operator_function_by_string_found
[       OK ] test_find_operator_function_by_string_found
[ RUN      ] test_perform_operation_null_args
Expected assertion !number_of_arguments || arguments occurred
[       OK ] test_perform_operation_null_args
[ RUN      ] test_perform_operation_null_operator_functions
Expected assertion !number_of_operator_functions || operator_functions occurred
[       OK ] test_perform_operation_null_operator_functions
[ RUN      ] test_perform_operation_null_number_of_intermediate_values
Expected assertion number_of_intermediate_values != NULL occurred
[       OK ] test_perform_operation_null_number_of_intermediate_values
[ RUN      ] test_perform_operation_null_intermediate_values
Expected assertion intermediate_values != NULL occurred
[       OK ] test_perform_operation_null_intermediate_values
[ RUN      ] test_perform_operation_no_arguments
[       OK ] test_perform_operation_no_arguments
[ RUN      ] test_perform_operation_first_arg_not_integer
[       OK ] test_perform_operation_first_arg_not_integer
[ RUN      ] test_perform_operation_unknown_operator
[       OK ] test_perform_operation_unknown_operator
[ RUN      ] test_perform_operation_missing_argument
[       OK ] test_perform_operation_missing_argument
[ RUN      ] test_perform_operation_no_integer_after_operator
[       OK ] test_perform_operation_no_integer_after_operator
[ RUN      ] test_perform_operation
[       OK ] test_perform_operation
[ RUN      ] test_example_main_no_args
[       OK ] test_example_main_no_args
[ RUN      ] test_example_main
[       OK ] test_example_main
[==========] 22 test(s) run.
[  PASSED  ] 22 test(s).
<end of output>
Test time =   0.00 sec
----------------------------------------------------------
Test Passed.
"calculator_test" end time: Feb 11 17:27 CET
"calculator_test" time elapsed: 00:00:00
----------------------------------------------------------

30/36 Testing: allocate_module_test
30/36 Test: allocate_module_test
Command: "/home/asn/workspace/projects/cmocka/obj32/example/allocate_module_test"
Directory: /home/asn/workspace/projects/cmocka/obj32/example
"allocate_module_test" start time: Feb 11 17:27 CET
Output:
----------------------------------------------------------
[==========] Running 3 test(s).
[ RUN      ] leak_memory_test
[  FAILED  ] leak_memory_test
Blocks allocated...
/home/asn/workspace/projects/cmocka/example/allocate_module.c:41: note: block 0x899b060 allocated here
ERROR: leak_memory_test leaked 1 block(s)

[ RUN      ] buffer_overflow_test
[  FAILED  ] buffer_overflow_test
/home/asn/workspace/projects/cmocka/example/allocate_module.c:48: error: Guard block of 0x899b098 size=4 is corrupt
/home/asn/workspace/projects/cmocka/example/allocate_module.c:46: note: allocated here at 0x899b09c
/home/asn/workspace/projects/cmocka/example/allocate_module.c:48: error: Failure!

[ RUN      ] buffer_underflow_test
[  FAILED  ] buffer_underflow_test
[==========] 3 test(s) run.
/home/asn/workspace/projects/cmocka/example/allocate_module.c:54: error: Guard block of 0x899b2c8 size=4 is corrupt
/home/asn/workspace/projects/cmocka/example/allocate_module.c:52: note: allocated here at 0x899b2c7
/home/asn/workspace/projects/cmocka/example/allocate_module.c:54: error: Failure!

[  PASSED  ] 0 test(s).
[  FAILED  ] 3 test(s), listed below:
[  FAILED  ] leak_memory_test
[  FAILED  ] buffer_overflow_test
[  FAILED  ] buffer_underflow_test

 3 FAILED TEST(S)
<end of output>
Test time =   0.00 sec
----------------------------------------------------------
Test Pass Reason:
Required regular expression found.Regex=[\[  FAILED  \] 3 test
]
"allocate_module_test" end time: Feb 11 17:27 CET
"allocate_module_test" time elapsed: 00:00:00
----------------------------------------------------------

31/36 Testing: assert_macro_test
31/36 Test: assert_macro_test
Command: "/home/asn/workspace/projects/cmocka/obj32/example/assert_macro_test"
Directory: /home/asn/workspace/projects/cmocka/obj32/example
"assert_macro_test" start time: Feb 11 17:27 CET
Output:
----------------------------------------------------------
[==========] Running 2 test(s).
[ RUN      ] get_status_code_string_test
[  FAILED  ] get_status_code_string_test
"Connection dropped" != "Connection timed out"
/home/asn/workspace/projects/cmocka/example/assert_macro_test.c:29: error: Failure!

[ RUN      ] string_to_status_code_test
0x2 != 0x1
/home/asn/workspace/projects/cmocka/example/assert_macro_test.c:37: error: Failure!

[  FAILED  ] string_to_status_code_test
[==========] 2 test(s) run.
[  PASSED  ] 0 test(s).
[  FAILED  ] 2 test(s), listed below:
[  FAILED  ] get_status_code_string_test
[  FAILED  ] string_to_status_code_test

 2 FAILED TEST(S)
<end of output>
Test time =   0.00 sec
----------------------------------------------------------
Test Pass Reason:
Required regular expression found.Regex=[\[  FAILED  \] 2 test
]
"assert_macro_test" end time: Feb 11 17:27 CET
"assert_macro_test" time elapsed: 00:00:00
----------------------------------------------------------

32/36 Testing: assert_module_test
32/36 Test: assert_module_test
Command: "/home/asn/workspace/projects/cmocka/obj32/example/assert_module_test"
Directory: /home/asn/workspace/projects/cmocka/obj32/example
"assert_module_test" start time: Feb 11 17:27 CET
Output:
----------------------------------------------------------
[==========] Running 3 test(s).
[ RUN      ] increment_value_fail
[  FAILED  ] increment_value_fail
ASSERT: value
/home/asn/workspace/projects/cmocka/example/assert_module.c:30: error: Failure!

[ RUN      ] increment_value_assert
Expected assertion value occurred
[       OK ] increment_value_assert
[ RUN      ] decrement_value_fail
Expected assert in decrement_value(NULL)
[  FAILED  ] decrement_value_fail
/home/asn/workspace/projects/cmocka/example/assert_module_test.c:46: error: Failure!

[  PASSED  ] 1 test(s).
[==========] 3 test(s) run.
[  FAILED  ] 2 test(s), listed below:
[  FAILED  ] increment_value_fail
[  FAILED  ] decrement_value_fail

 2 FAILED TEST(S)
<end of output>
Test time =   0.00 sec
----------------------------------------------------------
Test Pass Reason:
Required regular expression found.Regex=[\[  FAILED  \] 2 test
]
"assert_module_test" end time: Feb 11 17:27 CET
"assert_module_test" time elapsed: 00:00:00
----------------------------------------------------------

33/36 Testing: customer_database_test
33/36 Test: customer_database_test
Command: "/home/asn/workspace/projects/cmocka/obj32/example/customer_database_test"
Directory: /home/asn/workspace/projects/cmocka/obj32/example
"customer_database_test" start time: Feb 11 17:27 CET
Output:
----------------------------------------------------------
[==========] Running 2 test(s).
[ RUN      ] test_connect_to_customer_database
[       OK ] test_connect_to_customer_database
[ RUN      ] test_get_customer_id_by_name
[       OK ] test_get_customer_id_by_name
[==========] 2 test(s) run.
[  PASSED  ] 2 test(s).
<end of output>
Test time =   0.00 sec
----------------------------------------------------------
Test Passed.
"customer_database_test" end time: Feb 11 17:27 CET
"customer_database_test" time elapsed: 00:00:00
----------------------------------------------------------

34/36 Testing: key_value_test
34/36 Test: key_value_test
Command: "/home/asn/workspace/projects/cmocka/obj32/example/key_value_test"
Directory: /home/asn/workspace/projects/cmocka/obj32/example
"key_value_test" start time: Feb 11 17:27 CET
Output:
----------------------------------------------------------
[==========] Running 2 test(s).
[ RUN      ] test_find_item_by_value
[       OK ] test_find_item_by_value
[ RUN      ] test_sort_items_by_key
[       OK ] test_sort_items_by_key
[==========] 2 test(s) run.
[  PASSED  ] 2 test(s).
<end of output>
Test time =   0.00 sec
----------------------------------------------------------
Test Passed.
"key_value_test" end time: Feb 11 17:27 CET
"key_value_test" time elapsed: 00:00:00
----------------------------------------------------------

35/36 Testing: product_database_test
35/36 Test: product_database_test
Command: "/home/asn/workspace/projects/cmocka/obj32/example/product_database_test"
Directory: /home/asn/workspace/projects/cmocka/obj32/example
"product_database_test" start time: Feb 11 17:27 CET
Output:
----------------------------------------------------------
[==========] Running 3 test(s).
[ RUN      ] test_connect_to_product_database
[       OK ] test_connect_to_product_database
[ RUN      ] test_connect_to_product_database_bad_url
[  FAILED  ] test_connect_to_product_database_bad_url
"products.abcd.org" != "products.abcd.com"
/home/asn/workspace/projects/cmocka/example/product_database_test.c:29: error: Check of parameter url, function connect_to_database failed
/home/asn/workspace/projects/cmocka/example/product_database_test.c:48: note: Expected parameter declared here
/home/asn/workspace/projects/cmocka/example/product_database_test.c:29: error: Failure!

[ RUN      ] test_connect_to_product_database_missing_parameter
[  FAILED  ] test_connect_to_product_database_missing_parameter
[==========] 3 test(s) run.
No entries for symbol connect_to_database.
/home/asn/workspace/projects/cmocka/example/product_database_test.c:30: error: Could not get value to check parameter port of function connect_to_database
/home/asn/workspace/projects/cmocka/example/product_database_test.c:60: note: Previously declared parameter value was declared here

[  PASSED  ] 1 test(s).
[  FAILED  ] 2 test(s), listed below:
[  FAILED  ] test_connect_to_product_database_bad_url
[  FAILED  ] test_connect_to_product_database_missing_parameter

 2 FAILED TEST(S)
<end of output>
Test time =   0.00 sec
----------------------------------------------------------
Test Pass Reason:
Required regular expression found.Regex=[\[  FAILED  \] 2 test
]
"product_database_test" end time: Feb 11 17:27 CET
"product_database_test" time elapsed: 00:00:00
----------------------------------------------------------

36/36 Testing: waiter_test_wrap
36/36 Test: waiter_test_wrap
Command: "/home/asn/workspace/projects/cmocka/obj32/example/chef_wrap/waiter_test_wrap"
Directory: /home/asn/workspace/projects/cmocka/obj32/example/chef_wrap
"waiter_test_wrap" start time: Feb 11 17:27 CET
Output:
----------------------------------------------------------
[==========] Running 2 test(s).
[ RUN      ] test_order_hotdog
[       OK ] test_order_hotdog
[ RUN      ] test_bad_dish
[       OK ] test_bad_dish
[==========] 2 test(s) run.
[  PASSED  ] 2 test(s).
<end of output>
Test time =   0.00 sec
----------------------------------------------------------
Test Passed.
"waiter_test_wrap" end time: Feb 11 17:27 CET
"waiter_test_wrap" time elapsed: 00:00:00
----------------------------------------------------------

End testing: Feb 11 17:27 CET
